Arguments: 
  /usr/local/bin/node /home/malte/.npm-global/bin/yarn

PATH: 
  /home/malte/.npm-global/bin:/home/malte/.npm-global/bin:/home/malte/.npm-global/bin:/home/malte/.npm-global/bin:/usr/local/sbin:/usr/local/bin:/usr/bin:/usr/bin/site_perl:/usr/bin/vendor_perl:/usr/bin/core_perl

Yarn version: 
  1.22.17

Node version: 
  16.14.0

Platform: 
  linux x64

Trace: 
  Error: EACCES: permission denied, mkdir '/home/malte/code/pokepoll/server/node_modules/abab'

npm manifest: 
  {
    "name": "adventure-client",
    "version": "1.0.0",
    "main": "index.js",
    "license": "MIT",
    "scripts": {
      "start": "ts-node ./src/index.ts",
      "migrate": "docker exec -it adventure-server yarn prisma migrate dev",
      "seed": "docker exec -it adventure-server yarn prisma db seed"
    },
    "prisma": {
      "seed": "ts-node prisma/seed.ts"
    },
    "devDependencies": {
      "@types/jest": "^27.0.3",
      "@types/node": "^16.11.12",
      "jest": "^27.4.5",
      "jest-mock-extended": "^2.0.4",
      "prisma": "3.6.0",
      "ts-jest": "^27.1.2",
      "ts-node": "^10.4.0",
      "ts-standard": "^11.0.0",
      "typescript": "^4.5.2"
    },
    "dependencies": {
      "@prisma/client": "3.6.0",
      "fastify": "^3.24.1",
      "ws": "^8.3.0"
    }
  }

yarn manifest: 
  No manifest

Lockfile: 
  No lockfile
